2025-12-15 16:50:41,549 - __main__ - INFO - ================================================================================
2025-12-15 16:50:41,549 - __main__ - INFO - 🚀 МОДУЛЬ ВОСПРОИЗВЕДЕНИЯ ЗАПУЩЕН (ОБНОВЛЕННАЯ ВЕРСИЯ)
2025-12-15 16:50:41,549 - __main__ - INFO - ================================================================================
2025-12-15 16:50:41,549 - __main__ - INFO - 📁 Логи будут записаны в: /home/kirabrin/Python/GR_admin_panel/booth/modules/playback_debug.log
2025-12-15 16:50:41,549 - __main__ - INFO - 🌐 BASE_URL: http://31.172.75.187:6500
2025-12-15 16:50:41,549 - __main__ - INFO - 📁 Директория с видео: media/hero_videos
2025-12-15 16:50:41,550 - __main__ - INFO - 📁 Текущая директория: /home/kirabrin/Python/GR_admin_panel/booth
2025-12-15 16:50:41,550 - __main__ - INFO - ⏱ Длительность записи аудио: 10 сек.
2025-12-15 16:50:41,551 - __main__ - INFO - 📦 Получаю данные из аргументов...
2025-12-15 16:50:41,551 - __main__ - INFO - Сырые данные: {"hero_names": ["\u0413\u0435\u0440\u043e\u04391", "\u0413\u0435\u0440\u043e\u04392", "\u0413\u0435\...
2025-12-15 16:50:41,551 - __main__ - INFO - ✅ JSON успешно распарсен
2025-12-15 16:50:41,551 - __main__ - INFO - 🎭 Герои для обработки: ['Герой1', 'Герой2', 'Герой3']
2025-12-15 16:50:41,551 - __main__ - INFO - 🔢 ID подкатегории: 8
2025-12-15 16:50:41,551 - __main__ - INFO - 🔍 Проверяю наличие предзаписанных видео...
2025-12-15 16:50:41,551 - __main__ - DEBUG - Ищу видео: media/hero_videos/Герой3/Герой3_1.mp4
2025-12-15 16:50:41,551 - __main__ - ERROR - ❌ Видео не найдено: media/hero_videos/Герой3/Герой3_1.mp4
2025-12-15 16:50:41,551 - __main__ - ERROR - Доступные видео в директории:
2025-12-15 16:50:41,551 - __main__ - ERROR -   - Герой3_4.mp4
2025-12-15 16:50:41,551 - __main__ - WARNING - ⚠️ Не найдено видео для Герой3, вопрос 1
2025-12-15 16:50:41,551 - __main__ - DEBUG - Ищу видео: media/hero_videos/Герой3/Герой3_2.mp4
2025-12-15 16:50:41,551 - __main__ - ERROR - ❌ Видео не найдено: media/hero_videos/Герой3/Герой3_2.mp4
2025-12-15 16:50:41,551 - __main__ - ERROR - Доступные видео в директории:
2025-12-15 16:50:41,551 - __main__ - ERROR -   - Герой3_4.mp4
2025-12-15 16:50:41,551 - __main__ - WARNING - ⚠️ Не найдено видео для Герой3, вопрос 2
2025-12-15 16:50:41,551 - __main__ - DEBUG - Ищу видео: media/hero_videos/Герой3/Герой3_3.mp4
2025-12-15 16:50:41,551 - __main__ - ERROR - ❌ Видео не найдено: media/hero_videos/Герой3/Герой3_3.mp4
2025-12-15 16:50:41,551 - __main__ - ERROR - Доступные видео в директории:
2025-12-15 16:50:41,551 - __main__ - ERROR -   - Герой3_4.mp4
2025-12-15 16:50:41,552 - __main__ - WARNING - ⚠️ Не найдено видео для Герой3, вопрос 3
2025-12-15 16:50:41,552 - __main__ - DEBUG - Ищу видео: media/hero_videos/Герой3/Герой3_4.mp4
2025-12-15 16:50:41,552 - __main__ - INFO - ✅ Видео найдено: media/hero_videos/Герой3/Герой3_4.mp4 (199514 байт)
2025-12-15 16:50:41,552 - __main__ - DEBUG - Ищу видео: media/hero_videos/Герой3/Герой3_5.mp4
2025-12-15 16:50:41,552 - __main__ - ERROR - ❌ Видео не найдено: media/hero_videos/Герой3/Герой3_5.mp4
2025-12-15 16:50:41,552 - __main__ - ERROR - Доступные видео в директории:
2025-12-15 16:50:41,552 - __main__ - ERROR -   - Герой3_4.mp4
2025-12-15 16:50:41,552 - __main__ - WARNING - ⚠️ Не найдено видео для Герой3, вопрос 5
2025-12-15 16:50:41,552 - __main__ - DEBUG - Ищу видео: media/hero_videos/Герой3/Герой3_6.mp4
2025-12-15 16:50:41,552 - __main__ - ERROR - ❌ Видео не найдено: media/hero_videos/Герой3/Герой3_6.mp4
2025-12-15 16:50:41,552 - __main__ - ERROR - Доступные видео в директории:
2025-12-15 16:50:41,552 - __main__ - ERROR -   - Герой3_4.mp4
2025-12-15 16:50:41,552 - __main__ - WARNING - ⚠️ Не найдено видео для Герой3, вопрос 6
2025-12-15 16:50:41,552 - __main__ - INFO - ✅ Герой Герой3: найдено 1/6 видео
2025-12-15 16:50:41,552 - __main__ - WARNING - ⚠️ Директория для героя Герой2 не найдена: media/hero_videos/Герой2
2025-12-15 16:50:41,552 - __main__ - WARNING - ⚠️ Директория для героя Герой1 не найдена: media/hero_videos/Герой1
2025-12-15 16:50:41,552 - __main__ - WARNING - ⚠️ Пропущенные видео: ['Герой3 (1/6)', 'Герой2', 'Герой1']
2025-12-15 16:50:41,552 - __main__ - WARNING - ⚠️ Некоторые видео отсутствуют, но продолжаю работу...
2025-12-15 16:50:41,552 - __main__ - INFO - 🛠 Создаю компоненты...
2025-12-15 16:50:41,552 - __main__ - INFO - 🖥 Запускаю GUI в отдельном потоке...
2025-12-15 16:50:41,552 - __main__ - INFO - 🖥 Инициализирую Tkinter...
2025-12-15 16:50:41,552 - __main__ - INFO - ⏳ Ожидаю инициализацию GUI (3 секунды)...
2025-12-15 16:50:41,606 - __main__ - INFO - ✅ Tkinter инициализирован
2025-12-15 16:50:41,606 - __main__ - INFO - 🖥 Запускаю главный цикл Tkinter...
2025-12-15 16:50:44,605 - __main__ - INFO - 🎬 ШАГ 1: ПРИВЕТСТВЕННОЕ ВИДЕО
2025-12-15 16:50:44,605 - __main__ - INFO - 🎬 Начинаю переход: media/greet_video.mp4
2025-12-15 16:50:45,606 - __main__ - INFO - 🎬 Пытаюсь воспроизвести видео: media/greet_video.mp4
2025-12-15 16:50:45,606 - __main__ - INFO - ✅ Видеофайл найден: media/greet_video.mp4 (8497 байт)
2025-12-15 16:50:45,606 - __main__ - INFO - 🚀 Запускаю команду: mpv --fs --no-input-default-bindings media/greet_video.mp4
2025-12-15 16:50:51,439 - __main__ - INFO - ✅ Видео воспроизведено успешно
2025-12-15 16:50:51,439 - __main__ - INFO - ✅ Переход завершен: media/greet_video.mp4
2025-12-15 16:50:51,439 - __main__ - INFO - 🎬 ШАГ 2: СЕССИИ ГЕРОЕВ
2025-12-15 16:50:51,439 - __main__ - INFO - 
🎭 [1/3] НАЧИНАЮ СЕССИЮ ДЛЯ: Герой1
2025-12-15 16:50:51,477 - __main__ - INFO - 🖥 Показан экран загрузки: Подготовка к сессии с Герой1...
2025-12-15 16:50:53,477 - __main__ - INFO - ❓ ВОПРОС 1/6 ДЛЯ Герой1
2025-12-15 16:50:53,477 - __main__ - INFO - 🎤 Запись аудио для Герой1, вопрос 1
2025-12-15 16:50:53,548 - __main__ - INFO - 🖥 Показан экран записи для Герой1, вопрос 1
2025-12-15 16:50:56,597 - __main__ - INFO - 🎤 Начинаю ЗАПИСЬ с микрофона (10 сек)...
2025-12-15 16:51:06,627 - __main__ - INFO - ✅ Запись завершена
2025-12-15 16:51:06,629 - __main__ - INFO - 💾 WAV файл сохранён: /tmp/tmpxme76ozq.wav (880684 байт)
2025-12-15 16:51:07,671 - __main__ - INFO - 🖥 Показан экран ожидания: Отправка вопроса на сервер...
2025-12-15 16:51:07,671 - __main__ - INFO - 📤 Отправляю аудио на сервер...
2025-12-15 16:51:07,672 - __main__ - INFO - 🌐 URL сервера: http://31.172.75.187:6500/api/sub/8/ask/
2025-12-15 16:51:13,562 - __main__ - INFO - 📥 Ответ сервера: статус 200
2025-12-15 16:51:13,562 - __main__ - INFO - ✅ Сервер успешно принял аудио: {'record_id': 2, 'hero_name': 'Герой1', 'subcategory_id': 8, 'language': 'ru', 'description': 'Это описание героя1', 'video': '', 'created_at': '2025-11-05T22:35:26.562221', 'updated_at': '2025-11-05T22:35:26.562325'}
2025-12-15 16:51:13,562 - __main__ - INFO - 📊 Получены данные: hero=Герой1, record_id=2
2025-12-15 16:51:13,562 - __main__ - DEBUG - Ищу видео: media/hero_videos/Герой1/Герой1_2.mp4
2025-12-15 16:51:13,562 - __main__ - ERROR - ❌ Видео не найдено: media/hero_videos/Герой1/Герой1_2.mp4
2025-12-15 16:51:13,562 - __main__ - ERROR - Доступные видео в директории:
2025-12-15 16:51:13,562 - __main__ - ERROR - ❌ Не удалось найти видео для воспроизведения
2025-12-15 16:51:13,607 - __main__ - INFO - 🖥 Показан экран ожидания: Ошибка: видео не найдено
2025-12-15 16:51:16,608 - __main__ - INFO - ❓ ВОПРОС 2/6 ДЛЯ Герой1
2025-12-15 16:51:16,608 - __main__ - INFO - 🎤 Запись аудио для Герой1, вопрос 2
2025-12-15 16:51:16,692 - __main__ - INFO - 🖥 Показан экран записи для Герой1, вопрос 2
2025-12-15 16:51:19,743 - __main__ - INFO - 🎤 Начинаю ЗАПИСЬ с микрофона (10 сек)...
2025-12-15 16:51:29,787 - __main__ - INFO - ✅ Запись завершена
2025-12-15 16:51:29,789 - __main__ - INFO - 💾 WAV файл сохранён: /tmp/tmpjyx_1eva.wav (880684 байт)
2025-12-15 16:51:30,838 - __main__ - INFO - 🖥 Показан экран ожидания: Отправка вопроса на сервер...
2025-12-15 16:51:30,838 - __main__ - INFO - 📤 Отправляю аудио на сервер...
2025-12-15 16:51:30,838 - __main__ - INFO - 🌐 URL сервера: http://31.172.75.187:6500/api/sub/8/ask/
2025-12-15 16:51:34,959 - __main__ - INFO - 📥 Ответ сервера: статус 200
2025-12-15 16:51:34,959 - __main__ - INFO - ✅ Сервер успешно принял аудио: {'record_id': 2, 'hero_name': 'Герой1', 'subcategory_id': 8, 'language': 'ru', 'description': 'Это описание героя1', 'video': '', 'created_at': '2025-11-05T22:35:26.562221', 'updated_at': '2025-11-05T22:35:26.562325'}
2025-12-15 16:51:34,959 - __main__ - INFO - 📊 Получены данные: hero=Герой1, record_id=2
2025-12-15 16:51:34,959 - __main__ - DEBUG - Ищу видео: media/hero_videos/Герой1/Герой1_2.mp4
2025-12-15 16:51:34,960 - __main__ - ERROR - ❌ Видео не найдено: media/hero_videos/Герой1/Герой1_2.mp4
2025-12-15 16:51:34,960 - __main__ - ERROR - Доступные видео в директории:
2025-12-15 16:51:34,960 - __main__ - ERROR - ❌ Не удалось найти видео для воспроизведения
2025-12-15 16:51:34,972 - __main__ - INFO - 🖥 Показан экран ожидания: Ошибка: видео не найдено
2025-12-15 16:51:37,973 - __main__ - INFO - ❓ ВОПРОС 3/6 ДЛЯ Герой1
2025-12-15 16:51:37,973 - __main__ - INFO - 🎤 Запись аудио для Герой1, вопрос 3
2025-12-15 16:51:38,126 - __main__ - INFO - 🖥 Показан экран записи для Герой1, вопрос 3
2025-12-15 16:51:41,188 - __main__ - INFO - 🎤 Начинаю ЗАПИСЬ с микрофона (10 сек)...
2025-12-15 16:51:44,493 - __main__ - INFO - 
🛑 ПРЕРВАНО ПОЛЬЗОВАТЕЛЕМ
